0 info it worked if it ends with ok
1 verbose cli [ '/Users/lijinyao/.nvm/versions/node/v6.4.0/bin/node',
1 verbose cli   '/Users/lijinyao/.nvm/versions/node/v6.4.0/bin/npm',
1 verbose cli   'run',
1 verbose cli   'server' ]
2 info using npm@3.10.3
3 info using node@v6.4.0
4 verbose run-script [ 'preserver', 'server', 'postserver' ]
5 info lifecycle react-zhihu-daily@1.0.0~preserver: react-zhihu-daily@1.0.0
6 silly lifecycle react-zhihu-daily@1.0.0~preserver: no script for preserver, continuing
7 info lifecycle react-zhihu-daily@1.0.0~server: react-zhihu-daily@1.0.0
8 verbose lifecycle react-zhihu-daily@1.0.0~server: unsafe-perm in lifecycle true
9 verbose lifecycle react-zhihu-daily@1.0.0~server: PATH: /Users/lijinyao/.nvm/versions/node/v6.4.0/lib/node_modules/npm/bin/node-gyp-bin:/Users/lijinyao/Projects/Front-end/react-zhihu-daily/node_modules/.bin:/Users/lijinyao/.nvm/versions/node/v6.4.0/bin:/Users/lijinyao/.nvm/versions/node/v6.4.0/lib/node_modules/npm/bin/node-gyp-bin:/Users/lijinyao/Projects/Front-end/react-zhihu-daily/node_modules/.bin:/Users/lijinyao/.nvm/versions/node/v6.4.0/bin:/Users/lijinyao/.nvm/versions/node/v6.4.0/bin:/usr/local/bin:/usr/bin:/bin:/usr/sbin:/sbin:/usr/local/mysql/bin
10 verbose lifecycle react-zhihu-daily@1.0.0~server: CWD: /Users/lijinyao/Projects/Front-end/react-zhihu-daily
11 silly lifecycle react-zhihu-daily@1.0.0~server: Args: [ '-c', 'node dist/zhihuDaily/app.js' ]
12 silly lifecycle react-zhihu-daily@1.0.0~server: Returned: code: 1  signal: null
13 info lifecycle react-zhihu-daily@1.0.0~server: Failed to exec server script
14 verbose stack Error: react-zhihu-daily@1.0.0 server: `node dist/zhihuDaily/app.js`
14 verbose stack Exit status 1
14 verbose stack     at EventEmitter.<anonymous> (/Users/lijinyao/.nvm/versions/node/v6.4.0/lib/node_modules/npm/lib/utils/lifecycle.js:242:16)
14 verbose stack     at emitTwo (events.js:106:13)
14 verbose stack     at EventEmitter.emit (events.js:191:7)
14 verbose stack     at ChildProcess.<anonymous> (/Users/lijinyao/.nvm/versions/node/v6.4.0/lib/node_modules/npm/lib/utils/spawn.js:40:14)
14 verbose stack     at emitTwo (events.js:106:13)
14 verbose stack     at ChildProcess.emit (events.js:191:7)
14 verbose stack     at maybeClose (internal/child_process.js:852:16)
14 verbose stack     at Process.ChildProcess._handle.onexit (internal/child_process.js:215:5)
15 verbose pkgid react-zhihu-daily@1.0.0
16 verbose cwd /Users/lijinyao/Projects/Front-end/react-zhihu-daily
17 error Darwin 15.5.0
18 error argv "/Users/lijinyao/.nvm/versions/node/v6.4.0/bin/node" "/Users/lijinyao/.nvm/versions/node/v6.4.0/bin/npm" "run" "server"
19 error node v6.4.0
20 error npm  v3.10.3
21 error code ELIFECYCLE
22 error react-zhihu-daily@1.0.0 server: `node dist/zhihuDaily/app.js`
22 error Exit status 1
23 error Failed at the react-zhihu-daily@1.0.0 server script 'node dist/zhihuDaily/app.js'.
23 error Make sure you have the latest version of node.js and npm installed.
23 error If you do, this is most likely a problem with the react-zhihu-daily package,
23 error not with npm itself.
23 error Tell the author that this fails on your system:
23 error     node dist/zhihuDaily/app.js
23 error You can get information on how to open an issue for this project with:
23 error     npm bugs react-zhihu-daily
23 error Or if that isn't available, you can get their info via:
23 error     npm owner ls react-zhihu-daily
23 error There is likely additional logging output above.
24 verbose exit [ 1, true ]
